[2021-10-19 19:16:19,784] INFO [ControllerEventThread controllerId=1] Starting (kafka.controller.ControllerEventManager$ControllerEventThread)
[2021-10-19 19:16:19,850] INFO [Controller id=1] 1 successfully elected as the controller. Epoch incremented to 5 and epoch zk version is now 5 (kafka.controller.KafkaController)
[2021-10-19 19:16:19,853] INFO [Controller id=1] Registering handlers (kafka.controller.KafkaController)
[2021-10-19 19:16:19,878] INFO [Controller id=1] Deleting log dir event notifications (kafka.controller.KafkaController)
[2021-10-19 19:16:19,886] INFO [Controller id=1] Deleting isr change notifications (kafka.controller.KafkaController)
[2021-10-19 19:16:19,900] INFO [Controller id=1] Initializing controller context (kafka.controller.KafkaController)
[2021-10-19 19:16:19,919] INFO [Controller id=1] Initialized broker epochs cache: Map(1 -> 34359738404) (kafka.controller.KafkaController)
[2021-10-19 19:16:19,945] DEBUG [Controller id=1] Register BrokerModifications handler for Set(1) (kafka.controller.KafkaController)
[2021-10-19 19:16:19,961] DEBUG [Channel manager on controller 1]: Controller 1 trying to connect to broker 1 (kafka.controller.ControllerChannelManager)
[2021-10-19 19:16:19,984] INFO [Controller id=1] Currently active brokers in the cluster: Set(1) (kafka.controller.KafkaController)
[2021-10-19 19:16:19,984] INFO [Controller id=1] Currently shutting brokers in the cluster: Set() (kafka.controller.KafkaController)
[2021-10-19 19:16:19,984] INFO [Controller id=1] Current list of topics in the cluster: Set(test, test_topic, sample) (kafka.controller.KafkaController)
[2021-10-19 19:16:19,984] INFO [Controller id=1] Fetching topic deletions in progress (kafka.controller.KafkaController)
[2021-10-19 19:16:19,989] INFO [Controller id=1] List of topics to be deleted:  (kafka.controller.KafkaController)
[2021-10-19 19:16:19,989] INFO [Controller id=1] List of topics ineligible for deletion: test,test_topic,sample (kafka.controller.KafkaController)
[2021-10-19 19:16:19,989] INFO [Controller id=1] Initializing topic deletion manager (kafka.controller.KafkaController)
[2021-10-19 19:16:19,989] INFO [Topic Deletion Manager 1] Initializing manager with initial deletions: Set(), initial ineligible deletions: Set(test, test_topic, sample) (kafka.controller.TopicDeletionManager)
[2021-10-19 19:16:19,989] INFO [Controller id=1] Sending update metadata request (kafka.controller.KafkaController)
[2021-10-19 19:16:19,995] INFO [ReplicaStateMachine controllerId=1] Initializing replica state (kafka.controller.ZkReplicaStateMachine)
[2021-10-19 19:16:20,003] INFO [RequestSendThread controllerId=1] Starting (kafka.controller.RequestSendThread)
[2021-10-19 19:16:20,010] INFO [RequestSendThread controllerId=1] Controller 1 connected to master:9092 (id: 1 rack: null) for sending state change requests (kafka.controller.RequestSendThread)
[2021-10-19 19:16:20,034] INFO [ReplicaStateMachine controllerId=1] Triggering online replica state changes (kafka.controller.ZkReplicaStateMachine)
[2021-10-19 19:16:20,062] INFO [ReplicaStateMachine controllerId=1] Triggering offline replica state changes (kafka.controller.ZkReplicaStateMachine)
[2021-10-19 19:16:20,136] DEBUG [ReplicaStateMachine controllerId=1] Started replica state machine with initial state -> Map([Topic=test_topic,Partition=0,Replica=1] -> OnlineReplica, [Topic=test_topic,Partition=0,Replica=2] -> OfflineReplica, [Topic=test_topic,Partition=0,Replica=3] -> OfflineReplica, [Topic=test,Partition=0,Replica=3] -> OfflineReplica, [Topic=sample,Partition=0,Replica=2] -> OfflineReplica) (kafka.controller.ZkReplicaStateMachine)
[2021-10-19 19:16:20,137] INFO [PartitionStateMachine controllerId=1] Initializing partition state (kafka.controller.ZkPartitionStateMachine)
[2021-10-19 19:16:20,138] INFO [PartitionStateMachine controllerId=1] Triggering online partition state changes (kafka.controller.ZkPartitionStateMachine)
[2021-10-19 19:16:20,185] DEBUG [PartitionStateMachine controllerId=1] Started partition state machine with initial state -> Map(test-0 -> OfflinePartition, test_topic-0 -> OnlinePartition, sample-0 -> OfflinePartition) (kafka.controller.ZkPartitionStateMachine)
[2021-10-19 19:16:20,185] INFO [Controller id=1] Ready to serve as the new controller with epoch 5 (kafka.controller.KafkaController)
[2021-10-19 19:16:20,220] INFO [Controller id=1] Partitions undergoing preferred replica election:  (kafka.controller.KafkaController)
[2021-10-19 19:16:20,220] INFO [Controller id=1] Partitions that completed preferred replica election:  (kafka.controller.KafkaController)
[2021-10-19 19:16:20,221] INFO [Controller id=1] Skipping preferred replica election for partitions due to topic deletion:  (kafka.controller.KafkaController)
[2021-10-19 19:16:20,221] INFO [Controller id=1] Resuming preferred replica election for partitions:  (kafka.controller.KafkaController)
[2021-10-19 19:16:20,221] INFO [Controller id=1] Starting replica leader election (PREFERRED) for partitions  triggered by ZkTriggered (kafka.controller.KafkaController)
[2021-10-19 19:16:20,247] INFO [Controller id=1] Starting the controller scheduler (kafka.controller.KafkaController)
[2021-10-19 19:16:25,249] INFO [Controller id=1] Processing automatic preferred replica leader election (kafka.controller.KafkaController)
[2021-10-19 19:16:25,249] TRACE [Controller id=1] Checking need to trigger auto leader balancing (kafka.controller.KafkaController)
[2021-10-19 19:16:25,256] DEBUG [Controller id=1] Topics not in preferred replica for broker 2 Map(sample-0 -> Vector(2), test_topic-0 -> Vector(2, 1, 3)) (kafka.controller.KafkaController)
[2021-10-19 19:16:25,257] TRACE [Controller id=1] Leader imbalance ratio for broker 2 is 1.0 (kafka.controller.KafkaController)
[2021-10-19 19:16:25,262] INFO [Controller id=1] Starting replica leader election (PREFERRED) for partitions  triggered by AutoTriggered (kafka.controller.KafkaController)
[2021-10-19 19:16:25,263] DEBUG [Controller id=1] Topics not in preferred replica for broker 3 Map(test-0 -> Vector(3)) (kafka.controller.KafkaController)
[2021-10-19 19:16:25,263] TRACE [Controller id=1] Leader imbalance ratio for broker 3 is 1.0 (kafka.controller.KafkaController)
[2021-10-19 19:16:25,263] INFO [Controller id=1] Starting replica leader election (PREFERRED) for partitions  triggered by AutoTriggered (kafka.controller.KafkaController)
[2021-10-19 19:16:41,524] INFO [Controller id=1] Newly added brokers: 2, deleted brokers: , bounced brokers: , all live brokers: 1,2 (kafka.controller.KafkaController)
[2021-10-19 19:16:41,524] DEBUG [Channel manager on controller 1]: Controller 1 trying to connect to broker 2 (kafka.controller.ControllerChannelManager)
[2021-10-19 19:16:41,530] INFO [Controller id=1] New broker startup callback for 2 (kafka.controller.KafkaController)
[2021-10-19 19:16:41,542] INFO [RequestSendThread controllerId=1] Starting (kafka.controller.RequestSendThread)
[2021-10-19 19:16:41,550] INFO [RequestSendThread controllerId=1] Controller 1 connected to worker1:9092 (id: 2 rack: null) for sending state change requests (kafka.controller.RequestSendThread)
[2021-10-19 19:16:41,582] DEBUG [Controller id=1] Register BrokerModifications handler for Vector(2) (kafka.controller.KafkaController)
[2021-10-19 19:16:41,586] INFO [Controller id=1] Updated broker epochs cache: Map(2 -> 34359738427, 1 -> 34359738404) (kafka.controller.KafkaController)
[2021-10-19 19:16:42,129] DEBUG [Controller id=1] Updating ISRs for partitions: Set(test_topic-0). (kafka.controller.KafkaController)
[2021-10-19 19:16:42,137] DEBUG [Controller id=1] ISR for partition test_topic-0 updated to [1,2] and zkVersion updated to [4] (kafka.controller.KafkaController)
[2021-10-19 19:16:59,528] INFO [Controller id=1] Newly added brokers: 3, deleted brokers: , bounced brokers: , all live brokers: 1,2,3 (kafka.controller.KafkaController)
[2021-10-19 19:16:59,528] DEBUG [Channel manager on controller 1]: Controller 1 trying to connect to broker 3 (kafka.controller.ControllerChannelManager)
[2021-10-19 19:16:59,533] INFO [Controller id=1] New broker startup callback for 3 (kafka.controller.KafkaController)
[2021-10-19 19:16:59,544] INFO [RequestSendThread controllerId=1] Starting (kafka.controller.RequestSendThread)
[2021-10-19 19:16:59,546] INFO [RequestSendThread controllerId=1] Controller 1 connected to worker2:9092 (id: 3 rack: null) for sending state change requests (kafka.controller.RequestSendThread)
[2021-10-19 19:16:59,563] DEBUG [Controller id=1] Register BrokerModifications handler for Vector(3) (kafka.controller.KafkaController)
[2021-10-19 19:16:59,576] INFO [Controller id=1] Updated broker epochs cache: Map(2 -> 34359738427, 1 -> 34359738404, 3 -> 34359738445) (kafka.controller.KafkaController)
[2021-10-19 19:17:00,125] DEBUG [Controller id=1] Updating ISRs for partitions: Set(test_topic-0). (kafka.controller.KafkaController)
[2021-10-19 19:17:00,131] DEBUG [Controller id=1] ISR for partition test_topic-0 updated to [1,2,3] and zkVersion updated to [5] (kafka.controller.KafkaController)
[2021-10-19 19:21:25,264] INFO [Controller id=1] Processing automatic preferred replica leader election (kafka.controller.KafkaController)
[2021-10-19 19:21:25,264] TRACE [Controller id=1] Checking need to trigger auto leader balancing (kafka.controller.KafkaController)
[2021-10-19 19:21:25,264] DEBUG [Controller id=1] Topics not in preferred replica for broker 2 Map(test_topic-0 -> Vector(2, 1, 3)) (kafka.controller.KafkaController)
[2021-10-19 19:21:25,264] TRACE [Controller id=1] Leader imbalance ratio for broker 2 is 0.5 (kafka.controller.KafkaController)
[2021-10-19 19:21:25,264] INFO [Controller id=1] Starting replica leader election (PREFERRED) for partitions test_topic-0 triggered by AutoTriggered (kafka.controller.KafkaController)
[2021-10-19 19:21:25,276] INFO [Controller id=1] Partition test_topic-0 completed preferred replica leader election. New leader is 2 (kafka.controller.KafkaController)
[2021-10-19 19:21:25,276] DEBUG [Controller id=1] Topics not in preferred replica for broker 3 Map() (kafka.controller.KafkaController)
[2021-10-19 19:21:25,276] TRACE [Controller id=1] Leader imbalance ratio for broker 3 is 0.0 (kafka.controller.KafkaController)
