[2021-10-19 19:16:17,236] INFO Registered kafka:type=kafka.Log4jController MBean (kafka.utils.Log4jControllerRegistration$)
[2021-10-19 19:16:17,772] INFO Setting -D jdk.tls.rejectClientInitiatedRenegotiation=true to disable client-initiated TLS renegotiation (org.apache.zookeeper.common.X509Util)
[2021-10-19 19:16:17,834] INFO Registered signal handlers for TERM, INT, HUP (org.apache.kafka.common.utils.LoggingSignalHandler)
[2021-10-19 19:16:17,836] INFO starting (kafka.server.KafkaServer)
[2021-10-19 19:16:17,836] INFO Connecting to zookeeper on master:2181,worker1:2181,worker2:2181 (kafka.server.KafkaServer)
[2021-10-19 19:16:17,873] INFO [ZooKeeperClient Kafka server] Initializing a new session to master:2181,worker1:2181,worker2:2181. (kafka.zookeeper.ZooKeeperClient)
[2021-10-19 19:16:17,876] INFO Client environment:zookeeper.version=3.5.9-83df9301aa5c2a5d284a9940177808c01bc35cef, built on 01/06/2021 20:03 GMT (org.apache.zookeeper.ZooKeeper)
[2021-10-19 19:16:17,876] INFO Client environment:host.name=master.com (org.apache.zookeeper.ZooKeeper)
[2021-10-19 19:16:17,876] INFO Client environment:java.version=1.8.0_301 (org.apache.zookeeper.ZooKeeper)
[2021-10-19 19:16:17,876] INFO Client environment:java.vendor=Oracle Corporation (org.apache.zookeeper.ZooKeeper)
[2021-10-19 19:16:17,876] INFO Client environment:java.home=/usr/local/jdk1.8.0_301/jre (org.apache.zookeeper.ZooKeeper)
[2021-10-19 19:16:17,876] INFO Client environment:java.class.path=.:/home/gwangil/kafka_2.12-2.7.1/bin/../libs/activation-1.1.1.jar:/home/gwangil/kafka_2.12-2.7.1/bin/../libs/aopalliance-repackaged-2.6.1.jar:/home/gwangil/kafka_2.12-2.7.1/bin/../libs/argparse4j-0.7.0.jar:/home/gwangil/kafka_2.12-2.7.1/bin/../libs/audience-annotations-0.5.0.jar:/home/gwangil/kafka_2.12-2.7.1/bin/../libs/commons-cli-1.4.jar:/home/gwangil/kafka_2.12-2.7.1/bin/../libs/commons-lang3-3.8.1.jar:/home/gwangil/kafka_2.12-2.7.1/bin/../libs/connect-api-2.7.1.jar:/home/gwangil/kafka_2.12-2.7.1/bin/../libs/connect-basic-auth-extension-2.7.1.jar:/home/gwangil/kafka_2.12-2.7.1/bin/../libs/connect-file-2.7.1.jar:/home/gwangil/kafka_2.12-2.7.1/bin/../libs/connect-json-2.7.1.jar:/home/gwangil/kafka_2.12-2.7.1/bin/../libs/connect-mirror-2.7.1.jar:/home/gwangil/kafka_2.12-2.7.1/bin/../libs/connect-mirror-client-2.7.1.jar:/home/gwangil/kafka_2.12-2.7.1/bin/../libs/connect-runtime-2.7.1.jar:/home/gwangil/kafka_2.12-2.7.1/bin/../libs/connect-transforms-2.7.1.jar:/home/gwangil/kafka_2.12-2.7.1/bin/../libs/hk2-api-2.6.1.jar:/home/gwangil/kafka_2.12-2.7.1/bin/../libs/hk2-locator-2.6.1.jar:/home/gwangil/kafka_2.12-2.7.1/bin/../libs/hk2-utils-2.6.1.jar:/home/gwangil/kafka_2.12-2.7.1/bin/../libs/jackson-annotations-2.10.5.jar:/home/gwangil/kafka_2.12-2.7.1/bin/../libs/jackson-core-2.10.5.jar:/home/gwangil/kafka_2.12-2.7.1/bin/../libs/jackson-databind-2.10.5.1.jar:/home/gwangil/kafka_2.12-2.7.1/bin/../libs/jackson-dataformat-csv-2.10.5.jar:/home/gwangil/kafka_2.12-2.7.1/bin/../libs/jackson-datatype-jdk8-2.10.5.jar:/home/gwangil/kafka_2.12-2.7.1/bin/../libs/jackson-jaxrs-base-2.10.5.jar:/home/gwangil/kafka_2.12-2.7.1/bin/../libs/jackson-jaxrs-json-provider-2.10.5.jar:/home/gwangil/kafka_2.12-2.7.1/bin/../libs/jackson-module-jaxb-annotations-2.10.5.jar:/home/gwangil/kafka_2.12-2.7.1/bin/../libs/jackson-module-paranamer-2.10.5.jar:/home/gwangil/kafka_2.12-2.7.1/bin/../libs/jackson-module-scala_2.12-2.10.5.jar:/home/gwangil/kafka_2.12-2.7.1/bin/../libs/jakarta.activation-api-1.2.1.jar:/home/gwangil/kafka_2.12-2.7.1/bin/../libs/jakarta.annotation-api-1.3.5.jar:/home/gwangil/kafka_2.12-2.7.1/bin/../libs/jakarta.inject-2.6.1.jar:/home/gwangil/kafka_2.12-2.7.1/bin/../libs/jakarta.validation-api-2.0.2.jar:/home/gwangil/kafka_2.12-2.7.1/bin/../libs/jakarta.ws.rs-api-2.1.6.jar:/home/gwangil/kafka_2.12-2.7.1/bin/../libs/jakarta.xml.bind-api-2.3.2.jar:/home/gwangil/kafka_2.12-2.7.1/bin/../libs/javassist-3.25.0-GA.jar:/home/gwangil/kafka_2.12-2.7.1/bin/../libs/javassist-3.26.0-GA.jar:/home/gwangil/kafka_2.12-2.7.1/bin/../libs/javax.servlet-api-3.1.0.jar:/home/gwangil/kafka_2.12-2.7.1/bin/../libs/javax.ws.rs-api-2.1.1.jar:/home/gwangil/kafka_2.12-2.7.1/bin/../libs/jaxb-api-2.3.0.jar:/home/gwangil/kafka_2.12-2.7.1/bin/../libs/jersey-client-2.31.jar:/home/gwangil/kafka_2.12-2.7.1/bin/../libs/jersey-common-2.31.jar:/home/gwangil/kafka_2.12-2.7.1/bin/../libs/jersey-container-servlet-2.31.jar:/home/gwangil/kafka_2.12-2.7.1/bin/../libs/jersey-container-servlet-core-2.31.jar:/home/gwangil/kafka_2.12-2.7.1/bin/../libs/jersey-hk2-2.31.jar:/home/gwangil/kafka_2.12-2.7.1/bin/../libs/jersey-media-jaxb-2.31.jar:/home/gwangil/kafka_2.12-2.7.1/bin/../libs/jersey-server-2.31.jar:/home/gwangil/kafka_2.12-2.7.1/bin/../libs/jetty-client-9.4.38.v20210224.jar:/home/gwangil/kafka_2.12-2.7.1/bin/../libs/jetty-continuation-9.4.38.v20210224.jar:/home/gwangil/kafka_2.12-2.7.1/bin/../libs/jetty-http-9.4.38.v20210224.jar:/home/gwangil/kafka_2.12-2.7.1/bin/../libs/jetty-io-9.4.38.v20210224.jar:/home/gwangil/kafka_2.12-2.7.1/bin/../libs/jetty-security-9.4.38.v20210224.jar:/home/gwangil/kafka_2.12-2.7.1/bin/../libs/jetty-server-9.4.38.v20210224.jar:/home/gwangil/kafka_2.12-2.7.1/bin/../libs/jetty-servlet-9.4.38.v20210224.jar:/home/gwangil/kafka_2.12-2.7.1/bin/../libs/jetty-servlets-9.4.38.v20210224.jar:/home/gwangil/kafka_2.12-2.7.1/bin/../libs/jetty-util-9.4.38.v20210224.jar:/home/gwangil/kafka_2.12-2.7.1/bin/../libs/jetty-util-ajax-9.4.38.v20210224.jar:/home/gwangil/kafka_2.12-2.7.1/bin/../libs/jopt-simple-5.0.4.jar:/home/gwangil/kafka_2.12-2.7.1/bin/../libs/kafka_2.12-2.7.1.jar:/home/gwangil/kafka_2.12-2.7.1/bin/../libs/kafka_2.12-2.7.1-sources.jar:/home/gwangil/kafka_2.12-2.7.1/bin/../libs/kafka-clients-2.7.1.jar:/home/gwangil/kafka_2.12-2.7.1/bin/../libs/kafka-log4j-appender-2.7.1.jar:/home/gwangil/kafka_2.12-2.7.1/bin/../libs/kafka-raft-2.7.1.jar:/home/gwangil/kafka_2.12-2.7.1/bin/../libs/kafka-streams-2.7.1.jar:/home/gwangil/kafka_2.12-2.7.1/bin/../libs/kafka-streams-examples-2.7.1.jar:/home/gwangil/kafka_2.12-2.7.1/bin/../libs/kafka-streams-scala_2.12-2.7.1.jar:/home/gwangil/kafka_2.12-2.7.1/bin/../libs/kafka-streams-test-utils-2.7.1.jar:/home/gwangil/kafka_2.12-2.7.1/bin/../libs/kafka-tools-2.7.1.jar:/home/gwangil/kafka_2.12-2.7.1/bin/../libs/log4j-1.2.17.jar:/home/gwangil/kafka_2.12-2.7.1/bin/../libs/lz4-java-1.7.1.jar:/home/gwangil/kafka_2.12-2.7.1/bin/../libs/maven-artifact-3.6.3.jar:/home/gwangil/kafka_2.12-2.7.1/bin/../libs/metrics-core-2.2.0.jar:/home/gwangil/kafka_2.12-2.7.1/bin/../libs/netty-buffer-4.1.59.Final.jar:/home/gwangil/kafka_2.12-2.7.1/bin/../libs/netty-codec-4.1.59.Final.jar:/home/gwangil/kafka_2.12-2.7.1/bin/../libs/netty-common-4.1.59.Final.jar:/home/gwangil/kafka_2.12-2.7.1/bin/../libs/netty-handler-4.1.59.Final.jar:/home/gwangil/kafka_2.12-2.7.1/bin/../libs/netty-resolver-4.1.59.Final.jar:/home/gwangil/kafka_2.12-2.7.1/bin/../libs/netty-transport-4.1.59.Final.jar:/home/gwangil/kafka_2.12-2.7.1/bin/../libs/netty-transport-native-epoll-4.1.59.Final.jar:/home/gwangil/kafka_2.12-2.7.1/bin/../libs/netty-transport-native-unix-common-4.1.59.Final.jar:/home/gwangil/kafka_2.12-2.7.1/bin/../libs/osgi-resource-locator-1.0.3.jar:/home/gwangil/kafka_2.12-2.7.1/bin/../libs/paranamer-2.8.jar:/home/gwangil/kafka_2.12-2.7.1/bin/../libs/plexus-utils-3.2.1.jar:/home/gwangil/kafka_2.12-2.7.1/bin/../libs/reflections-0.9.12.jar:/home/gwangil/kafka_2.12-2.7.1/bin/../libs/rocksdbjni-5.18.4.jar:/home/gwangil/kafka_2.12-2.7.1/bin/../libs/scala-collection-compat_2.12-2.2.0.jar:/home/gwangil/kafka_2.12-2.7.1/bin/../libs/scala-java8-compat_2.12-0.9.1.jar:/home/gwangil/kafka_2.12-2.7.1/bin/../libs/scala-library-2.12.12.jar:/home/gwangil/kafka_2.12-2.7.1/bin/../libs/scala-logging_2.12-3.9.2.jar:/home/gwangil/kafka_2.12-2.7.1/bin/../libs/scala-reflect-2.12.12.jar:/home/gwangil/kafka_2.12-2.7.1/bin/../libs/slf4j-api-1.7.30.jar:/home/gwangil/kafka_2.12-2.7.1/bin/../libs/slf4j-log4j12-1.7.30.jar:/home/gwangil/kafka_2.12-2.7.1/bin/../libs/snappy-java-1.1.7.7.jar:/home/gwangil/kafka_2.12-2.7.1/bin/../libs/zookeeper-3.5.9.jar:/home/gwangil/kafka_2.12-2.7.1/bin/../libs/zookeeper-jute-3.5.9.jar:/home/gwangil/kafka_2.12-2.7.1/bin/../libs/zstd-jni-1.4.5-6.jar (org.apache.zookeeper.ZooKeeper)
[2021-10-19 19:16:17,876] INFO Client environment:java.library.path=/usr/java/packages/lib/amd64:/usr/lib64:/lib64:/lib:/usr/lib (org.apache.zookeeper.ZooKeeper)
[2021-10-19 19:16:17,876] INFO Client environment:java.io.tmpdir=/tmp (org.apache.zookeeper.ZooKeeper)
[2021-10-19 19:16:17,876] INFO Client environment:java.compiler=<NA> (org.apache.zookeeper.ZooKeeper)
[2021-10-19 19:16:17,876] INFO Client environment:os.name=Linux (org.apache.zookeeper.ZooKeeper)
[2021-10-19 19:16:17,876] INFO Client environment:os.arch=amd64 (org.apache.zookeeper.ZooKeeper)
[2021-10-19 19:16:17,876] INFO Client environment:os.version=3.10.0-1160.45.1.el7.x86_64 (org.apache.zookeeper.ZooKeeper)
[2021-10-19 19:16:17,876] INFO Client environment:user.name=gwangil (org.apache.zookeeper.ZooKeeper)
[2021-10-19 19:16:17,876] INFO Client environment:user.home=/home/gwangil (org.apache.zookeeper.ZooKeeper)
[2021-10-19 19:16:17,876] INFO Client environment:user.dir=/home/gwangil/kafka_2.12-2.7.1 (org.apache.zookeeper.ZooKeeper)
[2021-10-19 19:16:17,876] INFO Client environment:os.memory.free=974MB (org.apache.zookeeper.ZooKeeper)
[2021-10-19 19:16:17,876] INFO Client environment:os.memory.max=1024MB (org.apache.zookeeper.ZooKeeper)
[2021-10-19 19:16:17,876] INFO Client environment:os.memory.total=1024MB (org.apache.zookeeper.ZooKeeper)
[2021-10-19 19:16:17,886] INFO Initiating client connection, connectString=master:2181,worker1:2181,worker2:2181 sessionTimeout=18000 watcher=kafka.zookeeper.ZooKeeperClient$ZooKeeperClientWatcher$@6b81ce95 (org.apache.zookeeper.ZooKeeper)
[2021-10-19 19:16:17,919] INFO jute.maxbuffer value is 4194304 Bytes (org.apache.zookeeper.ClientCnxnSocket)
[2021-10-19 19:16:17,922] INFO zookeeper.request.timeout value is 0. feature enabled= (org.apache.zookeeper.ClientCnxn)
[2021-10-19 19:16:17,929] INFO Opening socket connection to server worker2/192.168.56.111:2181. Will not attempt to authenticate using SASL (unknown error) (org.apache.zookeeper.ClientCnxn)
[2021-10-19 19:16:17,931] INFO [ZooKeeperClient Kafka server] Waiting until connected. (kafka.zookeeper.ZooKeeperClient)
[2021-10-19 19:16:17,932] INFO Socket connection established, initiating session, client: /192.168.56.107:43526, server: worker2/192.168.56.111:2181 (org.apache.zookeeper.ClientCnxn)
[2021-10-19 19:16:17,941] INFO Session establishment complete on server worker2/192.168.56.111:2181, sessionid = 0x3000000da820004, negotiated timeout = 18000 (org.apache.zookeeper.ClientCnxn)
[2021-10-19 19:16:17,943] INFO [ZooKeeperClient Kafka server] Connected. (kafka.zookeeper.ZooKeeperClient)
[2021-10-19 19:16:18,121] INFO [feature-zk-node-event-process-thread]: Starting (kafka.server.FinalizedFeatureChangeListener$ChangeNotificationProcessorThread)
[2021-10-19 19:16:18,318] INFO Updated cache from existing <empty> to latest FinalizedFeaturesAndEpoch(features=Features{}, epoch=0). (kafka.server.FinalizedFeatureCache)
[2021-10-19 19:16:18,324] INFO Cluster ID = QV6s7QlgSqC-ZgzXBXaX6A (kafka.server.KafkaServer)
[2021-10-19 19:16:18,389] INFO KafkaConfig values: 
	advertised.host.name = null
	advertised.listeners = PLAINTEXT://master:9092
	advertised.port = null
	alter.config.policy.class.name = null
	alter.log.dirs.replication.quota.window.num = 11
	alter.log.dirs.replication.quota.window.size.seconds = 1
	authorizer.class.name = 
	auto.create.topics.enable = true
	auto.leader.rebalance.enable = true
	background.threads = 10
	broker.id = 1
	broker.id.generation.enable = true
	broker.rack = null
	client.quota.callback.class = null
	compression.type = producer
	connection.failed.authentication.delay.ms = 100
	connections.max.idle.ms = 600000
	connections.max.reauth.ms = 0
	control.plane.listener.name = null
	controlled.shutdown.enable = true
	controlled.shutdown.max.retries = 3
	controlled.shutdown.retry.backoff.ms = 5000
	controller.quota.window.num = 11
	controller.quota.window.size.seconds = 1
	controller.socket.timeout.ms = 30000
	create.topic.policy.class.name = null
	default.replication.factor = 1
	delegation.token.expiry.check.interval.ms = 3600000
	delegation.token.expiry.time.ms = 86400000
	delegation.token.master.key = null
	delegation.token.max.lifetime.ms = 604800000
	delete.records.purgatory.purge.interval.requests = 1
	delete.topic.enable = true
	fetch.max.bytes = 57671680
	fetch.purgatory.purge.interval.requests = 1000
	group.initial.rebalance.delay.ms = 0
	group.max.session.timeout.ms = 1800000
	group.max.size = 2147483647
	group.min.session.timeout.ms = 6000
	host.name = 
	inter.broker.listener.name = null
	inter.broker.protocol.version = 2.7-IV2
	kafka.metrics.polling.interval.secs = 10
	kafka.metrics.reporters = []
	leader.imbalance.check.interval.seconds = 300
	leader.imbalance.per.broker.percentage = 10
	listener.security.protocol.map = PLAINTEXT:PLAINTEXT,SSL:SSL,SASL_PLAINTEXT:SASL_PLAINTEXT,SASL_SSL:SASL_SSL
	listeners = PLAINTEXT://:9092
	log.cleaner.backoff.ms = 15000
	log.cleaner.dedupe.buffer.size = 134217728
	log.cleaner.delete.retention.ms = 86400000
	log.cleaner.enable = true
	log.cleaner.io.buffer.load.factor = 0.9
	log.cleaner.io.buffer.size = 524288
	log.cleaner.io.max.bytes.per.second = 1.7976931348623157E308
	log.cleaner.max.compaction.lag.ms = 9223372036854775807
	log.cleaner.min.cleanable.ratio = 0.5
	log.cleaner.min.compaction.lag.ms = 0
	log.cleaner.threads = 1
	log.cleanup.policy = [delete]
	log.dir = /tmp/kafka-logs
	log.dirs = /tmp/kafka-logs
	log.flush.interval.messages = 9223372036854775807
	log.flush.interval.ms = null
	log.flush.offset.checkpoint.interval.ms = 60000
	log.flush.scheduler.interval.ms = 9223372036854775807
	log.flush.start.offset.checkpoint.interval.ms = 60000
	log.index.interval.bytes = 4096
	log.index.size.max.bytes = 10485760
	log.message.downconversion.enable = true
	log.message.format.version = 2.7-IV2
	log.message.timestamp.difference.max.ms = 9223372036854775807
	log.message.timestamp.type = CreateTime
	log.preallocate = false
	log.retention.bytes = -1
	log.retention.check.interval.ms = 300000
	log.retention.hours = 168
	log.retention.minutes = null
	log.retention.ms = null
	log.roll.hours = 168
	log.roll.jitter.hours = 0
	log.roll.jitter.ms = null
	log.roll.ms = null
	log.segment.bytes = 1073741824
	log.segment.delete.delay.ms = 60000
	max.connection.creation.rate = 2147483647
	max.connections = 2147483647
	max.connections.per.ip = 2147483647
	max.connections.per.ip.overrides = 
	max.incremental.fetch.session.cache.slots = 1000
	message.max.bytes = 1048588
	metric.reporters = []
	metrics.num.samples = 2
	metrics.recording.level = INFO
	metrics.sample.window.ms = 30000
	min.insync.replicas = 1
	num.io.threads = 8
	num.network.threads = 3
	num.partitions = 1
	num.recovery.threads.per.data.dir = 1
	num.replica.alter.log.dirs.threads = null
	num.replica.fetchers = 1
	offset.metadata.max.bytes = 4096
	offsets.commit.required.acks = -1
	offsets.commit.timeout.ms = 5000
	offsets.load.buffer.size = 5242880
	offsets.retention.check.interval.ms = 600000
	offsets.retention.minutes = 10080
	offsets.topic.compression.codec = 0
	offsets.topic.num.partitions = 50
	offsets.topic.replication.factor = 1
	offsets.topic.segment.bytes = 104857600
	password.encoder.cipher.algorithm = AES/CBC/PKCS5Padding
	password.encoder.iterations = 4096
	password.encoder.key.length = 128
	password.encoder.keyfactory.algorithm = null
	password.encoder.old.secret = null
	password.encoder.secret = null
	port = 9092
	principal.builder.class = null
	producer.purgatory.purge.interval.requests = 1000
	queued.max.request.bytes = -1
	queued.max.requests = 500
	quota.consumer.default = 9223372036854775807
	quota.producer.default = 9223372036854775807
	quota.window.num = 11
	quota.window.size.seconds = 1
	replica.fetch.backoff.ms = 1000
	replica.fetch.max.bytes = 1048576
	replica.fetch.min.bytes = 1
	replica.fetch.response.max.bytes = 10485760
	replica.fetch.wait.max.ms = 500
	replica.high.watermark.checkpoint.interval.ms = 5000
	replica.lag.time.max.ms = 30000
	replica.selector.class = null
	replica.socket.receive.buffer.bytes = 65536
	replica.socket.timeout.ms = 30000
	replication.quota.window.num = 11
	replication.quota.window.size.seconds = 1
	request.timeout.ms = 30000
	reserved.broker.max.id = 1000
	sasl.client.callback.handler.class = null
	sasl.enabled.mechanisms = [GSSAPI]
	sasl.jaas.config = null
	sasl.kerberos.kinit.cmd = /usr/bin/kinit
	sasl.kerberos.min.time.before.relogin = 60000
	sasl.kerberos.principal.to.local.rules = [DEFAULT]
	sasl.kerberos.service.name = null
	sasl.kerberos.ticket.renew.jitter = 0.05
	sasl.kerberos.ticket.renew.window.factor = 0.8
	sasl.login.callback.handler.class = null
	sasl.login.class = null
	sasl.login.refresh.buffer.seconds = 300
	sasl.login.refresh.min.period.seconds = 60
	sasl.login.refresh.window.factor = 0.8
	sasl.login.refresh.window.jitter = 0.05
	sasl.mechanism.inter.broker.protocol = GSSAPI
	sasl.server.callback.handler.class = null
	security.inter.broker.protocol = PLAINTEXT
	security.providers = null
	socket.connection.setup.timeout.max.ms = 127000
	socket.connection.setup.timeout.ms = 10000
	socket.receive.buffer.bytes = 102400
	socket.request.max.bytes = 104857600
	socket.send.buffer.bytes = 102400
	ssl.cipher.suites = []
	ssl.client.auth = none
	ssl.enabled.protocols = [TLSv1.2]
	ssl.endpoint.identification.algorithm = https
	ssl.engine.factory.class = null
	ssl.key.password = null
	ssl.keymanager.algorithm = SunX509
	ssl.keystore.certificate.chain = null
	ssl.keystore.key = null
	ssl.keystore.location = null
	ssl.keystore.password = null
	ssl.keystore.type = JKS
	ssl.principal.mapping.rules = DEFAULT
	ssl.protocol = TLSv1.2
	ssl.provider = null
	ssl.secure.random.implementation = null
	ssl.trustmanager.algorithm = PKIX
	ssl.truststore.certificates = null
	ssl.truststore.location = null
	ssl.truststore.password = null
	ssl.truststore.type = JKS
	transaction.abort.timed.out.transaction.cleanup.interval.ms = 10000
	transaction.max.timeout.ms = 900000
	transaction.remove.expired.transaction.cleanup.interval.ms = 3600000
	transaction.state.log.load.buffer.size = 5242880
	transaction.state.log.min.isr = 1
	transaction.state.log.num.partitions = 50
	transaction.state.log.replication.factor = 1
	transaction.state.log.segment.bytes = 104857600
	transactional.id.expiration.ms = 604800000
	unclean.leader.election.enable = false
	zookeeper.clientCnxnSocket = null
	zookeeper.connect = master:2181,worker1:2181,worker2:2181
	zookeeper.connection.timeout.ms = 18000
	zookeeper.max.in.flight.requests = 10
	zookeeper.session.timeout.ms = 18000
	zookeeper.set.acl = false
	zookeeper.ssl.cipher.suites = null
	zookeeper.ssl.client.enable = false
	zookeeper.ssl.crl.enable = false
	zookeeper.ssl.enabled.protocols = null
	zookeeper.ssl.endpoint.identification.algorithm = HTTPS
	zookeeper.ssl.keystore.location = null
	zookeeper.ssl.keystore.password = null
	zookeeper.ssl.keystore.type = null
	zookeeper.ssl.ocsp.enable = false
	zookeeper.ssl.protocol = TLSv1.2
	zookeeper.ssl.truststore.location = null
	zookeeper.ssl.truststore.password = null
	zookeeper.ssl.truststore.type = null
	zookeeper.sync.time.ms = 2000
 (kafka.server.KafkaConfig)
[2021-10-19 19:16:18,405] INFO KafkaConfig values: 
	advertised.host.name = null
	advertised.listeners = PLAINTEXT://master:9092
	advertised.port = null
	alter.config.policy.class.name = null
	alter.log.dirs.replication.quota.window.num = 11
	alter.log.dirs.replication.quota.window.size.seconds = 1
	authorizer.class.name = 
	auto.create.topics.enable = true
	auto.leader.rebalance.enable = true
	background.threads = 10
	broker.id = 1
	broker.id.generation.enable = true
	broker.rack = null
	client.quota.callback.class = null
	compression.type = producer
	connection.failed.authentication.delay.ms = 100
	connections.max.idle.ms = 600000
	connections.max.reauth.ms = 0
	control.plane.listener.name = null
	controlled.shutdown.enable = true
	controlled.shutdown.max.retries = 3
	controlled.shutdown.retry.backoff.ms = 5000
	controller.quota.window.num = 11
	controller.quota.window.size.seconds = 1
	controller.socket.timeout.ms = 30000
	create.topic.policy.class.name = null
	default.replication.factor = 1
	delegation.token.expiry.check.interval.ms = 3600000
	delegation.token.expiry.time.ms = 86400000
	delegation.token.master.key = null
	delegation.token.max.lifetime.ms = 604800000
	delete.records.purgatory.purge.interval.requests = 1
	delete.topic.enable = true
	fetch.max.bytes = 57671680
	fetch.purgatory.purge.interval.requests = 1000
	group.initial.rebalance.delay.ms = 0
	group.max.session.timeout.ms = 1800000
	group.max.size = 2147483647
	group.min.session.timeout.ms = 6000
	host.name = 
	inter.broker.listener.name = null
	inter.broker.protocol.version = 2.7-IV2
	kafka.metrics.polling.interval.secs = 10
	kafka.metrics.reporters = []
	leader.imbalance.check.interval.seconds = 300
	leader.imbalance.per.broker.percentage = 10
	listener.security.protocol.map = PLAINTEXT:PLAINTEXT,SSL:SSL,SASL_PLAINTEXT:SASL_PLAINTEXT,SASL_SSL:SASL_SSL
	listeners = PLAINTEXT://:9092
	log.cleaner.backoff.ms = 15000
	log.cleaner.dedupe.buffer.size = 134217728
	log.cleaner.delete.retention.ms = 86400000
	log.cleaner.enable = true
	log.cleaner.io.buffer.load.factor = 0.9
	log.cleaner.io.buffer.size = 524288
	log.cleaner.io.max.bytes.per.second = 1.7976931348623157E308
	log.cleaner.max.compaction.lag.ms = 9223372036854775807
	log.cleaner.min.cleanable.ratio = 0.5
	log.cleaner.min.compaction.lag.ms = 0
	log.cleaner.threads = 1
	log.cleanup.policy = [delete]
	log.dir = /tmp/kafka-logs
	log.dirs = /tmp/kafka-logs
	log.flush.interval.messages = 9223372036854775807
	log.flush.interval.ms = null
	log.flush.offset.checkpoint.interval.ms = 60000
	log.flush.scheduler.interval.ms = 9223372036854775807
	log.flush.start.offset.checkpoint.interval.ms = 60000
	log.index.interval.bytes = 4096
	log.index.size.max.bytes = 10485760
	log.message.downconversion.enable = true
	log.message.format.version = 2.7-IV2
	log.message.timestamp.difference.max.ms = 9223372036854775807
	log.message.timestamp.type = CreateTime
	log.preallocate = false
	log.retention.bytes = -1
	log.retention.check.interval.ms = 300000
	log.retention.hours = 168
	log.retention.minutes = null
	log.retention.ms = null
	log.roll.hours = 168
	log.roll.jitter.hours = 0
	log.roll.jitter.ms = null
	log.roll.ms = null
	log.segment.bytes = 1073741824
	log.segment.delete.delay.ms = 60000
	max.connection.creation.rate = 2147483647
	max.connections = 2147483647
	max.connections.per.ip = 2147483647
	max.connections.per.ip.overrides = 
	max.incremental.fetch.session.cache.slots = 1000
	message.max.bytes = 1048588
	metric.reporters = []
	metrics.num.samples = 2
	metrics.recording.level = INFO
	metrics.sample.window.ms = 30000
	min.insync.replicas = 1
	num.io.threads = 8
	num.network.threads = 3
	num.partitions = 1
	num.recovery.threads.per.data.dir = 1
	num.replica.alter.log.dirs.threads = null
	num.replica.fetchers = 1
	offset.metadata.max.bytes = 4096
	offsets.commit.required.acks = -1
	offsets.commit.timeout.ms = 5000
	offsets.load.buffer.size = 5242880
	offsets.retention.check.interval.ms = 600000
	offsets.retention.minutes = 10080
	offsets.topic.compression.codec = 0
	offsets.topic.num.partitions = 50
	offsets.topic.replication.factor = 1
	offsets.topic.segment.bytes = 104857600
	password.encoder.cipher.algorithm = AES/CBC/PKCS5Padding
	password.encoder.iterations = 4096
	password.encoder.key.length = 128
	password.encoder.keyfactory.algorithm = null
	password.encoder.old.secret = null
	password.encoder.secret = null
	port = 9092
	principal.builder.class = null
	producer.purgatory.purge.interval.requests = 1000
	queued.max.request.bytes = -1
	queued.max.requests = 500
	quota.consumer.default = 9223372036854775807
	quota.producer.default = 9223372036854775807
	quota.window.num = 11
	quota.window.size.seconds = 1
	replica.fetch.backoff.ms = 1000
	replica.fetch.max.bytes = 1048576
	replica.fetch.min.bytes = 1
	replica.fetch.response.max.bytes = 10485760
	replica.fetch.wait.max.ms = 500
	replica.high.watermark.checkpoint.interval.ms = 5000
	replica.lag.time.max.ms = 30000
	replica.selector.class = null
	replica.socket.receive.buffer.bytes = 65536
	replica.socket.timeout.ms = 30000
	replication.quota.window.num = 11
	replication.quota.window.size.seconds = 1
	request.timeout.ms = 30000
	reserved.broker.max.id = 1000
	sasl.client.callback.handler.class = null
	sasl.enabled.mechanisms = [GSSAPI]
	sasl.jaas.config = null
	sasl.kerberos.kinit.cmd = /usr/bin/kinit
	sasl.kerberos.min.time.before.relogin = 60000
	sasl.kerberos.principal.to.local.rules = [DEFAULT]
	sasl.kerberos.service.name = null
	sasl.kerberos.ticket.renew.jitter = 0.05
	sasl.kerberos.ticket.renew.window.factor = 0.8
	sasl.login.callback.handler.class = null
	sasl.login.class = null
	sasl.login.refresh.buffer.seconds = 300
	sasl.login.refresh.min.period.seconds = 60
	sasl.login.refresh.window.factor = 0.8
	sasl.login.refresh.window.jitter = 0.05
	sasl.mechanism.inter.broker.protocol = GSSAPI
	sasl.server.callback.handler.class = null
	security.inter.broker.protocol = PLAINTEXT
	security.providers = null
	socket.connection.setup.timeout.max.ms = 127000
	socket.connection.setup.timeout.ms = 10000
	socket.receive.buffer.bytes = 102400
	socket.request.max.bytes = 104857600
	socket.send.buffer.bytes = 102400
	ssl.cipher.suites = []
	ssl.client.auth = none
	ssl.enabled.protocols = [TLSv1.2]
	ssl.endpoint.identification.algorithm = https
	ssl.engine.factory.class = null
	ssl.key.password = null
	ssl.keymanager.algorithm = SunX509
	ssl.keystore.certificate.chain = null
	ssl.keystore.key = null
	ssl.keystore.location = null
	ssl.keystore.password = null
	ssl.keystore.type = JKS
	ssl.principal.mapping.rules = DEFAULT
	ssl.protocol = TLSv1.2
	ssl.provider = null
	ssl.secure.random.implementation = null
	ssl.trustmanager.algorithm = PKIX
	ssl.truststore.certificates = null
	ssl.truststore.location = null
	ssl.truststore.password = null
	ssl.truststore.type = JKS
	transaction.abort.timed.out.transaction.cleanup.interval.ms = 10000
	transaction.max.timeout.ms = 900000
	transaction.remove.expired.transaction.cleanup.interval.ms = 3600000
	transaction.state.log.load.buffer.size = 5242880
	transaction.state.log.min.isr = 1
	transaction.state.log.num.partitions = 50
	transaction.state.log.replication.factor = 1
	transaction.state.log.segment.bytes = 104857600
	transactional.id.expiration.ms = 604800000
	unclean.leader.election.enable = false
	zookeeper.clientCnxnSocket = null
	zookeeper.connect = master:2181,worker1:2181,worker2:2181
	zookeeper.connection.timeout.ms = 18000
	zookeeper.max.in.flight.requests = 10
	zookeeper.session.timeout.ms = 18000
	zookeeper.set.acl = false
	zookeeper.ssl.cipher.suites = null
	zookeeper.ssl.client.enable = false
	zookeeper.ssl.crl.enable = false
	zookeeper.ssl.enabled.protocols = null
	zookeeper.ssl.endpoint.identification.algorithm = HTTPS
	zookeeper.ssl.keystore.location = null
	zookeeper.ssl.keystore.password = null
	zookeeper.ssl.keystore.type = null
	zookeeper.ssl.ocsp.enable = false
	zookeeper.ssl.protocol = TLSv1.2
	zookeeper.ssl.truststore.location = null
	zookeeper.ssl.truststore.password = null
	zookeeper.ssl.truststore.type = null
	zookeeper.sync.time.ms = 2000
 (kafka.server.KafkaConfig)
[2021-10-19 19:16:18,462] INFO [ThrottledChannelReaper-Fetch]: Starting (kafka.server.ClientQuotaManager$ThrottledChannelReaper)
[2021-10-19 19:16:18,463] INFO [ThrottledChannelReaper-Produce]: Starting (kafka.server.ClientQuotaManager$ThrottledChannelReaper)
[2021-10-19 19:16:18,464] INFO [ThrottledChannelReaper-Request]: Starting (kafka.server.ClientQuotaManager$ThrottledChannelReaper)
[2021-10-19 19:16:18,466] INFO [ThrottledChannelReaper-ControllerMutation]: Starting (kafka.server.ClientQuotaManager$ThrottledChannelReaper)
[2021-10-19 19:16:18,500] INFO Loading logs from log dirs ArrayBuffer(/tmp/kafka-logs) (kafka.log.LogManager)
[2021-10-19 19:16:18,501] INFO Attempting recovery for all logs in /tmp/kafka-logs since no clean shutdown file was found (kafka.log.LogManager)
[2021-10-19 19:16:18,556] INFO [Log partition=test_topic-0, dir=/tmp/kafka-logs] Recovering unflushed segment 0 (kafka.log.Log)
[2021-10-19 19:16:18,557] INFO [Log partition=test_topic-0, dir=/tmp/kafka-logs] Loading producer state till offset 0 with message format version 2 (kafka.log.Log)
[2021-10-19 19:16:18,623] INFO [ProducerStateManager partition=test_topic-0] Writing producer snapshot at offset 13 (kafka.log.ProducerStateManager)
[2021-10-19 19:16:18,637] INFO [Log partition=test_topic-0, dir=/tmp/kafka-logs] Loading producer state till offset 13 with message format version 2 (kafka.log.Log)
[2021-10-19 19:16:18,639] INFO [ProducerStateManager partition=test_topic-0] Loading producer state from snapshot file '/tmp/kafka-logs/test_topic-0/00000000000000000013.snapshot' (kafka.log.ProducerStateManager)
[2021-10-19 19:16:18,658] INFO Completed load of Log(dir=/tmp/kafka-logs/test_topic-0, topic=test_topic, partition=0, highWatermark=0, lastStableOffset=0, logStartOffset=0, logEndOffset=13) with 1 segments in 135ms (1/1 loaded in /tmp/kafka-logs) (kafka.log.LogManager)
[2021-10-19 19:16:18,660] INFO Loaded 1 logs in 160ms. (kafka.log.LogManager)
[2021-10-19 19:16:18,666] INFO Starting log cleanup with a period of 300000 ms. (kafka.log.LogManager)
[2021-10-19 19:16:18,668] INFO Starting log flusher with a default period of 9223372036854775807 ms. (kafka.log.LogManager)
[2021-10-19 19:16:19,505] INFO Created ConnectionAcceptRate sensor, quotaLimit=2147483647 (kafka.network.ConnectionQuotas)
[2021-10-19 19:16:19,506] INFO Created ConnectionAcceptRate-PLAINTEXT sensor, quotaLimit=2147483647 (kafka.network.ConnectionQuotas)
[2021-10-19 19:16:19,508] INFO Updated PLAINTEXT max connection creation rate to 2147483647 (kafka.network.ConnectionQuotas)
[2021-10-19 19:16:19,510] INFO Awaiting socket connections on 0.0.0.0:9092. (kafka.network.Acceptor)
[2021-10-19 19:16:19,549] INFO [SocketServer brokerId=1] Created data-plane acceptor and processors for endpoint : ListenerName(PLAINTEXT) (kafka.network.SocketServer)
[2021-10-19 19:16:19,595] INFO [ExpirationReaper-1-Produce]: Starting (kafka.server.DelayedOperationPurgatory$ExpiredOperationReaper)
[2021-10-19 19:16:19,602] INFO [ExpirationReaper-1-Fetch]: Starting (kafka.server.DelayedOperationPurgatory$ExpiredOperationReaper)
[2021-10-19 19:16:19,602] INFO [ExpirationReaper-1-DeleteRecords]: Starting (kafka.server.DelayedOperationPurgatory$ExpiredOperationReaper)
[2021-10-19 19:16:19,621] INFO [ExpirationReaper-1-ElectLeader]: Starting (kafka.server.DelayedOperationPurgatory$ExpiredOperationReaper)
[2021-10-19 19:16:19,624] INFO [LogDirFailureHandler]: Starting (kafka.server.ReplicaManager$LogDirFailureHandler)
[2021-10-19 19:16:19,628] INFO [broker-1-to-controller-send-thread]: Starting (kafka.server.BrokerToControllerRequestThread)
[2021-10-19 19:16:19,663] INFO Creating /brokers/ids/1 (is it secure? false) (kafka.zk.KafkaZkClient)
[2021-10-19 19:16:19,688] INFO Stat of the created znode at /brokers/ids/1 is: 34359738404,34359738404,1634638579672,1634638579672,1,0,0,216172785779736580,196,0,34359738404
 (kafka.zk.KafkaZkClient)
[2021-10-19 19:16:19,688] INFO Registered broker 1 at path /brokers/ids/1 with addresses: PLAINTEXT://master:9092, czxid (broker epoch): 34359738404 (kafka.zk.KafkaZkClient)
[2021-10-19 19:16:19,799] INFO [ExpirationReaper-1-topic]: Starting (kafka.server.DelayedOperationPurgatory$ExpiredOperationReaper)
[2021-10-19 19:16:19,805] INFO [ExpirationReaper-1-Heartbeat]: Starting (kafka.server.DelayedOperationPurgatory$ExpiredOperationReaper)
[2021-10-19 19:16:19,811] INFO [ExpirationReaper-1-Rebalance]: Starting (kafka.server.DelayedOperationPurgatory$ExpiredOperationReaper)
[2021-10-19 19:16:19,820] INFO [GroupCoordinator 1]: Starting up. (kafka.coordinator.group.GroupCoordinator)
[2021-10-19 19:16:19,850] INFO [GroupCoordinator 1]: Startup complete. (kafka.coordinator.group.GroupCoordinator)
[2021-10-19 19:16:19,875] INFO [ProducerId Manager 1]: Acquired new producerId block (brokerId:1,blockStartProducerId:8000,blockEndProducerId:8999) by writing to Zk with path version 9 (kafka.coordinator.transaction.ProducerIdManager)
[2021-10-19 19:16:19,885] INFO [TransactionCoordinator id=1] Starting up. (kafka.coordinator.transaction.TransactionCoordinator)
[2021-10-19 19:16:19,904] INFO [TransactionCoordinator id=1] Startup complete. (kafka.coordinator.transaction.TransactionCoordinator)
[2021-10-19 19:16:19,920] INFO [Transaction Marker Channel Manager 1]: Starting (kafka.coordinator.transaction.TransactionMarkerChannelManager)
[2021-10-19 19:16:19,964] INFO [ExpirationReaper-1-AlterAcls]: Starting (kafka.server.DelayedOperationPurgatory$ExpiredOperationReaper)
[2021-10-19 19:16:19,983] INFO [/config/changes-event-process-thread]: Starting (kafka.common.ZkNodeChangeNotificationListener$ChangeEventProcessThread)
[2021-10-19 19:16:20,066] INFO [SocketServer brokerId=1] Starting socket server acceptors and processors (kafka.network.SocketServer)
[2021-10-19 19:16:20,120] INFO [SocketServer brokerId=1] Started data-plane acceptor and processor(s) for endpoint : ListenerName(PLAINTEXT) (kafka.network.SocketServer)
[2021-10-19 19:16:20,120] INFO [SocketServer brokerId=1] Started socket server acceptors and processors (kafka.network.SocketServer)
[2021-10-19 19:16:20,123] INFO Kafka version: 2.7.1 (org.apache.kafka.common.utils.AppInfoParser)
[2021-10-19 19:16:20,123] INFO Kafka commitId: 61dbce85d0d41457 (org.apache.kafka.common.utils.AppInfoParser)
[2021-10-19 19:16:20,123] INFO Kafka startTimeMs: 1634638580121 (org.apache.kafka.common.utils.AppInfoParser)
[2021-10-19 19:16:20,123] INFO [KafkaServer id=1] started (kafka.server.KafkaServer)
[2021-10-19 19:16:20,224] INFO [Partition test_topic-0 broker=1] Log loaded for partition test_topic-0 with initial high watermark 13 (kafka.cluster.Partition)
[2021-10-19 19:16:20,262] INFO [broker-1-to-controller-send-thread]: Recorded new controller, from now on will use broker 1 (kafka.server.BrokerToControllerRequestThread)
[2021-10-19 19:16:20,278] INFO [ReplicaFetcherManager on broker 1] Removed fetcher for partitions Set(test_topic-0) (kafka.server.ReplicaFetcherManager)
[2021-10-19 19:16:42,152] INFO [Partition test_topic-0 broker=1] ISR updated from AlterIsr to 1,2 and version updated to [4] (kafka.cluster.Partition)
[2021-10-19 19:17:00,134] INFO [Partition test_topic-0 broker=1] ISR updated from AlterIsr to 1,2,3 and version updated to [5] (kafka.cluster.Partition)
[2021-10-19 19:21:25,279] INFO [ReplicaFetcherManager on broker 1] Removed fetcher for partitions Set(test_topic-0) (kafka.server.ReplicaFetcherManager)
[2021-10-19 19:21:25,298] INFO [ReplicaFetcherManager on broker 1] Added fetcher to broker 2 for partitions Map(test_topic-0 -> (offset=13, leaderEpoch=4)) (kafka.server.ReplicaFetcherManager)
[2021-10-19 19:21:25,306] INFO [ReplicaFetcher replicaId=1, leaderId=2, fetcherId=0] Starting (kafka.server.ReplicaFetcherThread)
[2021-10-19 19:21:25,321] INFO [Log partition=test_topic-0, dir=/tmp/kafka-logs] Truncating to 13 has no effect as the largest offset in the log is 12 (kafka.log.Log)
